{
library : {
name   : "Behaviour";
type   : SHARED_LIBRARY;
prefix : "lib";
suffix : "so";
install_path : "";
sources : {
"IsotropicLinearKinematicHardeningPlasticity-generic.cxx",
"IsotropicLinearKinematicHardeningPlasticity.cxx"
};
cppflags : {
"$(shell tfel-config --cppflags --compiler-flags)"
};
include_directories : {
"$(shell tfel-config --include-path)"
};
link_directories : {
"$(shell tfel-config --library-path)"
};
link_libraries : {
"$(shell tfel-config --library-dependency --material --mfront-profiling)"
};
epts : {
"IsotropicLinearKinematicHardeningPlasticity_AxisymmetricalGeneralisedPlaneStrain",
"IsotropicLinearKinematicHardeningPlasticity_Axisymmetrical",
"IsotropicLinearKinematicHardeningPlasticity_PlaneStrain",
"IsotropicLinearKinematicHardeningPlasticity_GeneralisedPlaneStrain",
"IsotropicLinearKinematicHardeningPlasticity_Tridimensional"
};
};
headers : {
"MFront/GenericBehaviour/IsotropicLinearKinematicHardeningPlasticity-generic.hxx",
"TFEL/Material/IsotropicLinearKinematicHardeningPlasticity.hxx",
"TFEL/Material/IsotropicLinearKinematicHardeningPlasticityBehaviourData.hxx",
"TFEL/Material/IsotropicLinearKinematicHardeningPlasticityIntegrationData.hxx"
};
};
